submitit INFO (2023-10-14 17:35:41,963) - Starting with JobEnvironment(job_id=9679, hostname=Timotejs-MacBook-Pro-2.local, local_rank=1(8), node=0(1), global_rank=1(8))
submitit INFO (2023-10-14 17:35:41,963) - Loading pickle: /Users/timotejkralik/Documents/Osobne/school/DP_pose_estimation/pose_estimation_vitpose/mae/job_dir/9679_submitted.pkl
Process group: 8 tasks, rank: 1
Not using distributed mode
[17:35:43.891275] job dir: /Users/timotejkralik/Documents/Osobne/school/DP_pose_estimation/pose_estimation_vitpose/mae
[17:35:43.891329] Namespace(batch_size=64,
epochs=800,
accum_iter=1,
model='mae_vit_base_patch16',
input_size=224,
mask_ratio=0.75,
norm_pix_loss=True,
weight_decay=0.05,
lr=None,
blr=0.00015,
min_lr=0.0,
warmup_epochs=40,
data_path='dataset_imagenet/imagenette2-160',
output_dir=PosixPath('job_dir'),
log_dir=PosixPath('job_dir'),
device='cuda',
seed=0,
resume='',
start_epoch=0,
num_workers=10,
pin_mem=True,
world_size=8,
local_rank=-1,
dist_on_itp=False,
dist_url='file:///Users/timotejkralik/Documents/Osobne/school/DP_pose_estimation/pose_estimation_vitpose/mae/checkpoint/timotejkralik/experiments/25af699b12e74d478925c6c6ba46fdfa_init',
ngpus=8,
nodes=1,
timeout=4320,
job_dir='job_dir',
partition='learnfair',
use_volta32=True,
comment='',
gpu=1,
rank=1,
distributed=False)
[17:35:43.910682] Dataset ImageFolder
    Number of datapoints: 9469
    Root location: dataset_imagenet/imagenette2-160/train
    StandardTransform
Transform: Compose(
               RandomResizedCrop(size=(224, 224), scale=(0.2, 1.0), ratio=(0.75, 1.3333), interpolation=bicubic, antialias=warn)
               RandomHorizontalFlip(p=0.5)
               ToTensor()
               Normalize(mean=[0.485, 0.456, 0.406], std=[0.229, 0.224, 0.225])
           )
[17:35:43.910799] Sampler_train = <torch.utils.data.distributed.DistributedSampler object at 0x137133a90>
submitit ERROR (2023-10-14 17:35:45,192) - Submitted job triggered an exception
